<?xml version="1.0" encoding="UTF-8"?>
<testsuite xmlns:xsi="http://www.w3.org/2001/XMLSchema-instance" xsi:noNamespaceSchemaLocation="https://maven.apache.org/surefire/maven-surefire-plugin/xsd/surefire-test-report-3.0.xsd" version="3.0" name="com.igot.cb.extendedprofile.service.ExtendedServiceImplTest" time="0.041" tests="16" errors="0" skipped="0" failures="0">
  <properties>
[...]
</properties>
  <testcase name="getDistrictsList_NullUserId" classname="com.igot.cb.extendedprofile.service.ExtendedServiceImplTest" time="0.005">
    <system-out><![CDATA[22:28:57.863 [main] INFO com.igot.cb.extendedprofile.service.ExtendedServiceImpl -- ExtendedServiceImpl::getDistrictsList started
]]></system-out>
  </testcase>
  <testcase name="getDistrictsList_Success" classname="com.igot.cb.extendedprofile.service.ExtendedServiceImplTest" time="0.004">
    <system-out><![CDATA[22:28:57.865 [main] INFO com.igot.cb.extendedprofile.service.ExtendedServiceImpl -- ExtendedServiceImpl::getDistrictsList started
22:28:57.868 [main] INFO com.igot.cb.extendedprofile.service.ExtendedServiceImpl -- ExtendedServiceImpl::getDistrictsList completed successfully with 2 states
]]></system-out>
  </testcase>
  <testcase name="getStatesList_NullUserId" classname="com.igot.cb.extendedprofile.service.ExtendedServiceImplTest" time="0.002">
    <system-out><![CDATA[22:28:57.870 [main] INFO com.igot.cb.extendedprofile.service.ExtendedServiceImpl -- ExtendedServiceImpl::getStatesList started
]]></system-out>
  </testcase>
  <testcase name="testMapUtilsIsEmpty_WithNullRequestBody" classname="com.igot.cb.extendedprofile.service.ExtendedServiceImplTest" time="0.001">
    <system-out><![CDATA[22:28:57.872 [main] INFO com.igot.cb.extendedprofile.service.ExtendedServiceImpl -- ExtendedServiceImpl::getDistrictsList started
]]></system-out>
  </testcase>
  <testcase name="getDistrictsList_NullRequestBody" classname="com.igot.cb.extendedprofile.service.ExtendedServiceImplTest" time="0.002">
    <system-out><![CDATA[22:28:57.873 [main] INFO com.igot.cb.extendedprofile.service.ExtendedServiceImpl -- ExtendedServiceImpl::getDistrictsList started
]]></system-out>
  </testcase>
  <testcase name="getDistrictsList_EmptyRequestBody" classname="com.igot.cb.extendedprofile.service.ExtendedServiceImplTest" time="0.001">
    <system-out><![CDATA[22:28:57.875 [main] INFO com.igot.cb.extendedprofile.service.ExtendedServiceImpl -- ExtendedServiceImpl::getDistrictsList started
]]></system-out>
  </testcase>
  <testcase name="getDistrictsList_InvalidJsonResponse" classname="com.igot.cb.extendedprofile.service.ExtendedServiceImplTest" time="0.004">
    <system-out><![CDATA[22:28:57.877 [main] INFO com.igot.cb.extendedprofile.service.ExtendedServiceImpl -- ExtendedServiceImpl::getDistrictsList started
22:28:57.878 [main] ERROR com.igot.cb.extendedprofile.service.ExtendedServiceImpl -- Error parsing district data for state Maharashtra: Cannot deserialize value of type `java.util.ArrayList<java.lang.String>` from Object value (token `JsonToken.START_OBJECT`)
 at [Source: (String)"{invalid-json}"; line: 1, column: 1]
com.fasterxml.jackson.databind.exc.MismatchedInputException: Cannot deserialize value of type `java.util.ArrayList<java.lang.String>` from Object value (token `JsonToken.START_OBJECT`)
 at [Source: (String)"{invalid-json}"; line: 1, column: 1]
	at com.fasterxml.jackson.databind.exc.MismatchedInputException.from(MismatchedInputException.java:59)
	at com.fasterxml.jackson.databind.DeserializationContext.reportInputMismatch(DeserializationContext.java:1752)
	at com.fasterxml.jackson.databind.DeserializationContext.handleUnexpectedToken(DeserializationContext.java:1526)
	at com.fasterxml.jackson.databind.DeserializationContext.handleUnexpectedToken(DeserializationContext.java:1473)
	at com.fasterxml.jackson.databind.deser.std.StringCollectionDeserializer.handleNonArray(StringCollectionDeserializer.java:288)
	at com.fasterxml.jackson.databind.deser.std.StringCollectionDeserializer.deserialize(StringCollectionDeserializer.java:194)
	at com.fasterxml.jackson.databind.deser.std.StringCollectionDeserializer.deserialize(StringCollectionDeserializer.java:184)
	at com.fasterxml.jackson.databind.deser.std.StringCollectionDeserializer.deserialize(StringCollectionDeserializer.java:27)
	at com.fasterxml.jackson.databind.deser.DefaultDeserializationContext.readRootValue(DefaultDeserializationContext.java:323)
	at com.fasterxml.jackson.databind.ObjectMapper._readMapAndClose(ObjectMapper.java:4825)
	at com.fasterxml.jackson.databind.ObjectMapper.readValue(ObjectMapper.java:3772)
	at com.fasterxml.jackson.databind.ObjectMapper.readValue(ObjectMapper.java:3755)
	at com.igot.cb.extendedprofile.service.ExtendedServiceImpl.lambda$getDistrictsList$1(ExtendedServiceImpl.java:107)
	at java.base/java.util.stream.ReferencePipeline$3$1.accept(ReferencePipeline.java:197)
	at java.base/java.util.ArrayList$ArrayListSpliterator.forEachRemaining(ArrayList.java:1625)
	at java.base/java.util.stream.AbstractPipeline.copyInto(AbstractPipeline.java:509)
	at java.base/java.util.stream.AbstractPipeline.wrapAndCopyInto(AbstractPipeline.java:499)
	at java.base/java.util.stream.AbstractPipeline.evaluate(AbstractPipeline.java:575)
	at java.base/java.util.stream.AbstractPipeline.evaluateToArrayNode(AbstractPipeline.java:260)
	at java.base/java.util.stream.ReferencePipeline.toArray(ReferencePipeline.java:616)
	at java.base/java.util.stream.ReferencePipeline.toArray(ReferencePipeline.java:622)
	at java.base/java.util.stream.ReferencePipeline.toList(ReferencePipeline.java:627)
	at com.igot.cb.extendedprofile.service.ExtendedServiceImpl.getDistrictsList(ExtendedServiceImpl.java:117)
	at com.igot.cb.extendedprofile.service.ExtendedServiceImplTest.getDistrictsList_InvalidJsonResponse(ExtendedServiceImplTest.java:257)
	at java.base/jdk.internal.reflect.NativeMethodAccessorImpl.invoke0(Native Method)
	at java.base/jdk.internal.reflect.NativeMethodAccessorImpl.invoke(NativeMethodAccessorImpl.java:77)
	at java.base/jdk.internal.reflect.DelegatingMethodAccessorImpl.invoke(DelegatingMethodAccessorImpl.java:43)
	at java.base/java.lang.reflect.Method.invoke(Method.java:569)
	at org.junit.runners.model.FrameworkMethod$1.runReflectiveCall(FrameworkMethod.java:59)
	at org.junit.internal.runners.model.ReflectiveCallable.run(ReflectiveCallable.java:12)
	at org.junit.runners.model.FrameworkMethod.invokeExplosively(FrameworkMethod.java:56)
	at org.junit.internal.runners.statements.InvokeMethod.evaluate(InvokeMethod.java:17)
	at org.junit.internal.runners.statements.RunBefores.evaluate(RunBefores.java:26)
	at org.mockito.internal.runners.DefaultInternalRunner$1$1.evaluate(DefaultInternalRunner.java:55)
	at org.junit.runners.ParentRunner$3.evaluate(ParentRunner.java:306)
	at org.junit.runners.BlockJUnit4ClassRunner$1.evaluate(BlockJUnit4ClassRunner.java:100)
	at org.junit.runners.ParentRunner.runLeaf(ParentRunner.java:366)
	at org.junit.runners.BlockJUnit4ClassRunner.runChild(BlockJUnit4ClassRunner.java:103)
	at org.junit.runners.BlockJUnit4ClassRunner.runChild(BlockJUnit4ClassRunner.java:63)
	at org.junit.runners.ParentRunner$4.run(ParentRunner.java:331)
	at org.junit.runners.ParentRunner$1.schedule(ParentRunner.java:79)
	at org.junit.runners.ParentRunner.runChildren(ParentRunner.java:329)
	at org.junit.runners.ParentRunner.access$100(ParentRunner.java:66)
	at org.junit.runners.ParentRunner$2.evaluate(ParentRunner.java:293)
	at org.junit.runners.ParentRunner$3.evaluate(ParentRunner.java:306)
	at org.junit.runners.ParentRunner.run(ParentRunner.java:413)
	at org.mockito.internal.runners.DefaultInternalRunner$1.run(DefaultInternalRunner.java:100)
	at org.mockito.internal.runners.DefaultInternalRunner.run(DefaultInternalRunner.java:107)
	at org.mockito.internal.runners.StrictRunner.run(StrictRunner.java:41)
	at org.mockito.junit.MockitoJUnitRunner.run(MockitoJUnitRunner.java:163)
	at org.junit.runner.JUnitCore.run(JUnitCore.java:137)
	at org.junit.runner.JUnitCore.run(JUnitCore.java:115)
	at org.junit.vintage.engine.execution.RunnerExecutor.execute(RunnerExecutor.java:42)
	at org.junit.vintage.engine.VintageTestEngine.executeAllChildren(VintageTestEngine.java:80)
	at org.junit.vintage.engine.VintageTestEngine.execute(VintageTestEngine.java:72)
	at org.junit.platform.launcher.core.EngineExecutionOrchestrator.execute(EngineExecutionOrchestrator.java:198)
	at org.junit.platform.launcher.core.EngineExecutionOrchestrator.execute(EngineExecutionOrchestrator.java:169)
	at org.junit.platform.launcher.core.EngineExecutionOrchestrator.execute(EngineExecutionOrchestrator.java:93)
	at org.junit.platform.launcher.core.EngineExecutionOrchestrator.lambda$execute$0(EngineExecutionOrchestrator.java:58)
	at org.junit.platform.launcher.core.EngineExecutionOrchestrator.withInterceptedStreams(EngineExecutionOrchestrator.java:141)
	at org.junit.platform.launcher.core.EngineExecutionOrchestrator.execute(EngineExecutionOrchestrator.java:57)
	at org.junit.platform.launcher.core.DefaultLauncher.execute(DefaultLauncher.java:103)
	at org.junit.platform.launcher.core.DefaultLauncher.execute(DefaultLauncher.java:85)
	at org.junit.platform.launcher.core.DelegatingLauncher.execute(DelegatingLauncher.java:47)
	at org.apache.maven.surefire.junitplatform.LazyLauncher.execute(LazyLauncher.java:56)
	at org.apache.maven.surefire.junitplatform.JUnitPlatformProvider.execute(JUnitPlatformProvider.java:184)
	at org.apache.maven.surefire.junitplatform.JUnitPlatformProvider.invokeAllTests(JUnitPlatformProvider.java:148)
	at org.apache.maven.surefire.junitplatform.JUnitPlatformProvider.invoke(JUnitPlatformProvider.java:122)
	at org.apache.maven.surefire.booter.ForkedBooter.runSuitesInProcess(ForkedBooter.java:385)
	at org.apache.maven.surefire.booter.ForkedBooter.execute(ForkedBooter.java:162)
	at org.apache.maven.surefire.booter.ForkedBooter.run(ForkedBooter.java:507)
	at org.apache.maven.surefire.booter.ForkedBooter.main(ForkedBooter.java:495)
22:28:57.879 [main] INFO com.igot.cb.extendedprofile.service.ExtendedServiceImpl -- ExtendedServiceImpl::getDistrictsList completed successfully with 1 states
]]></system-out>
  </testcase>
  <testcase name="getStatesList_Success" classname="com.igot.cb.extendedprofile.service.ExtendedServiceImplTest" time="0.003">
    <system-out><![CDATA[22:28:57.881 [main] INFO com.igot.cb.extendedprofile.service.ExtendedServiceImpl -- ExtendedServiceImpl::getStatesList started
22:28:57.882 [main] INFO com.igot.cb.extendedprofile.service.ExtendedServiceImpl -- ExtendedServiceImpl::getStatesList completed successfully with 2 states
]]></system-out>
  </testcase>
  <testcase name="getStatesList_EmptyResponse" classname="com.igot.cb.extendedprofile.service.ExtendedServiceImplTest" time="0.002">
    <system-out><![CDATA[22:28:57.884 [main] INFO com.igot.cb.extendedprofile.service.ExtendedServiceImpl -- ExtendedServiceImpl::getStatesList started
22:28:57.884 [main] INFO com.igot.cb.extendedprofile.service.ExtendedServiceImpl -- ExtendedServiceImpl::getStatesList completed successfully with 0 states
]]></system-out>
  </testcase>
  <testcase name="getStatesList_EmptyUserId" classname="com.igot.cb.extendedprofile.service.ExtendedServiceImplTest" time="0.001">
    <system-out><![CDATA[22:28:57.886 [main] INFO com.igot.cb.extendedprofile.service.ExtendedServiceImpl -- ExtendedServiceImpl::getStatesList started
]]></system-out>
  </testcase>
  <testcase name="getStatesList_CassandraException" classname="com.igot.cb.extendedprofile.service.ExtendedServiceImplTest" time="0.003">
    <system-out><![CDATA[22:28:57.888 [main] INFO com.igot.cb.extendedprofile.service.ExtendedServiceImpl -- ExtendedServiceImpl::getStatesList started
22:28:57.888 [main] ERROR com.igot.cb.extendedprofile.service.ExtendedServiceImpl -- Error while fetching states list from Cassandra: Database connection error
java.lang.RuntimeException: Database connection error
	at com.igot.cb.extendedprofile.service.ExtendedServiceImpl.getStatesList(ExtendedServiceImpl.java:47)
	at com.igot.cb.extendedprofile.service.ExtendedServiceImplTest.getStatesList_CassandraException(ExtendedServiceImplTest.java:117)
	at java.base/jdk.internal.reflect.NativeMethodAccessorImpl.invoke0(Native Method)
	at java.base/jdk.internal.reflect.NativeMethodAccessorImpl.invoke(NativeMethodAccessorImpl.java:77)
	at java.base/jdk.internal.reflect.DelegatingMethodAccessorImpl.invoke(DelegatingMethodAccessorImpl.java:43)
	at java.base/java.lang.reflect.Method.invoke(Method.java:569)
	at org.junit.runners.model.FrameworkMethod$1.runReflectiveCall(FrameworkMethod.java:59)
	at org.junit.internal.runners.model.ReflectiveCallable.run(ReflectiveCallable.java:12)
	at org.junit.runners.model.FrameworkMethod.invokeExplosively(FrameworkMethod.java:56)
	at org.junit.internal.runners.statements.InvokeMethod.evaluate(InvokeMethod.java:17)
	at org.junit.internal.runners.statements.RunBefores.evaluate(RunBefores.java:26)
	at org.mockito.internal.runners.DefaultInternalRunner$1$1.evaluate(DefaultInternalRunner.java:55)
	at org.junit.runners.ParentRunner$3.evaluate(ParentRunner.java:306)
	at org.junit.runners.BlockJUnit4ClassRunner$1.evaluate(BlockJUnit4ClassRunner.java:100)
	at org.junit.runners.ParentRunner.runLeaf(ParentRunner.java:366)
	at org.junit.runners.BlockJUnit4ClassRunner.runChild(BlockJUnit4ClassRunner.java:103)
	at org.junit.runners.BlockJUnit4ClassRunner.runChild(BlockJUnit4ClassRunner.java:63)
	at org.junit.runners.ParentRunner$4.run(ParentRunner.java:331)
	at org.junit.runners.ParentRunner$1.schedule(ParentRunner.java:79)
	at org.junit.runners.ParentRunner.runChildren(ParentRunner.java:329)
	at org.junit.runners.ParentRunner.access$100(ParentRunner.java:66)
	at org.junit.runners.ParentRunner$2.evaluate(ParentRunner.java:293)
	at org.junit.runners.ParentRunner$3.evaluate(ParentRunner.java:306)
	at org.junit.runners.ParentRunner.run(ParentRunner.java:413)
	at org.mockito.internal.runners.DefaultInternalRunner$1.run(DefaultInternalRunner.java:100)
	at org.mockito.internal.runners.DefaultInternalRunner.run(DefaultInternalRunner.java:107)
	at org.mockito.internal.runners.StrictRunner.run(StrictRunner.java:41)
	at org.mockito.junit.MockitoJUnitRunner.run(MockitoJUnitRunner.java:163)
	at org.junit.runner.JUnitCore.run(JUnitCore.java:137)
	at org.junit.runner.JUnitCore.run(JUnitCore.java:115)
	at org.junit.vintage.engine.execution.RunnerExecutor.execute(RunnerExecutor.java:42)
	at org.junit.vintage.engine.VintageTestEngine.executeAllChildren(VintageTestEngine.java:80)
	at org.junit.vintage.engine.VintageTestEngine.execute(VintageTestEngine.java:72)
	at org.junit.platform.launcher.core.EngineExecutionOrchestrator.execute(EngineExecutionOrchestrator.java:198)
	at org.junit.platform.launcher.core.EngineExecutionOrchestrator.execute(EngineExecutionOrchestrator.java:169)
	at org.junit.platform.launcher.core.EngineExecutionOrchestrator.execute(EngineExecutionOrchestrator.java:93)
	at org.junit.platform.launcher.core.EngineExecutionOrchestrator.lambda$execute$0(EngineExecutionOrchestrator.java:58)
	at org.junit.platform.launcher.core.EngineExecutionOrchestrator.withInterceptedStreams(EngineExecutionOrchestrator.java:141)
	at org.junit.platform.launcher.core.EngineExecutionOrchestrator.execute(EngineExecutionOrchestrator.java:57)
	at org.junit.platform.launcher.core.DefaultLauncher.execute(DefaultLauncher.java:103)
	at org.junit.platform.launcher.core.DefaultLauncher.execute(DefaultLauncher.java:85)
	at org.junit.platform.launcher.core.DelegatingLauncher.execute(DelegatingLauncher.java:47)
	at org.apache.maven.surefire.junitplatform.LazyLauncher.execute(LazyLauncher.java:56)
	at org.apache.maven.surefire.junitplatform.JUnitPlatformProvider.execute(JUnitPlatformProvider.java:184)
	at org.apache.maven.surefire.junitplatform.JUnitPlatformProvider.invokeAllTests(JUnitPlatformProvider.java:148)
	at org.apache.maven.surefire.junitplatform.JUnitPlatformProvider.invoke(JUnitPlatformProvider.java:122)
	at org.apache.maven.surefire.booter.ForkedBooter.runSuitesInProcess(ForkedBooter.java:385)
	at org.apache.maven.surefire.booter.ForkedBooter.execute(ForkedBooter.java:162)
	at org.apache.maven.surefire.booter.ForkedBooter.run(ForkedBooter.java:507)
	at org.apache.maven.surefire.booter.ForkedBooter.main(ForkedBooter.java:495)
]]></system-out>
  </testcase>
  <testcase name="getDistrictsList_EmptyResponse" classname="com.igot.cb.extendedprofile.service.ExtendedServiceImplTest" time="0.002">
    <system-out><![CDATA[22:28:57.890 [main] INFO com.igot.cb.extendedprofile.service.ExtendedServiceImpl -- ExtendedServiceImpl::getDistrictsList started
22:28:57.891 [main] INFO com.igot.cb.extendedprofile.service.ExtendedServiceImpl -- ExtendedServiceImpl::getDistrictsList completed successfully with 0 states
]]></system-out>
  </testcase>
  <testcase name="getDistrictsList_EmptyUserId" classname="com.igot.cb.extendedprofile.service.ExtendedServiceImplTest" time="0.002">
    <system-out><![CDATA[22:28:57.892 [main] INFO com.igot.cb.extendedprofile.service.ExtendedServiceImpl -- ExtendedServiceImpl::getDistrictsList started
]]></system-out>
  </testcase>
  <testcase name="getDistrictsList_CassandraException" classname="com.igot.cb.extendedprofile.service.ExtendedServiceImplTest" time="0.002">
    <system-out><![CDATA[22:28:57.894 [main] INFO com.igot.cb.extendedprofile.service.ExtendedServiceImpl -- ExtendedServiceImpl::getDistrictsList started
22:28:57.895 [main] ERROR com.igot.cb.extendedprofile.service.ExtendedServiceImpl -- Error while fetching districts list from Cassandra: Database connection error
java.lang.RuntimeException: Database connection error
	at com.igot.cb.extendedprofile.service.ExtendedServiceImpl.getDistrictsList(ExtendedServiceImpl.java:92)
	at com.igot.cb.extendedprofile.service.ExtendedServiceImplTest.getDistrictsList_CassandraException(ExtendedServiceImplTest.java:230)
	at java.base/jdk.internal.reflect.NativeMethodAccessorImpl.invoke0(Native Method)
	at java.base/jdk.internal.reflect.NativeMethodAccessorImpl.invoke(NativeMethodAccessorImpl.java:77)
	at java.base/jdk.internal.reflect.DelegatingMethodAccessorImpl.invoke(DelegatingMethodAccessorImpl.java:43)
	at java.base/java.lang.reflect.Method.invoke(Method.java:569)
	at org.junit.runners.model.FrameworkMethod$1.runReflectiveCall(FrameworkMethod.java:59)
	at org.junit.internal.runners.model.ReflectiveCallable.run(ReflectiveCallable.java:12)
	at org.junit.runners.model.FrameworkMethod.invokeExplosively(FrameworkMethod.java:56)
	at org.junit.internal.runners.statements.InvokeMethod.evaluate(InvokeMethod.java:17)
	at org.junit.internal.runners.statements.RunBefores.evaluate(RunBefores.java:26)
	at org.mockito.internal.runners.DefaultInternalRunner$1$1.evaluate(DefaultInternalRunner.java:55)
	at org.junit.runners.ParentRunner$3.evaluate(ParentRunner.java:306)
	at org.junit.runners.BlockJUnit4ClassRunner$1.evaluate(BlockJUnit4ClassRunner.java:100)
	at org.junit.runners.ParentRunner.runLeaf(ParentRunner.java:366)
	at org.junit.runners.BlockJUnit4ClassRunner.runChild(BlockJUnit4ClassRunner.java:103)
	at org.junit.runners.BlockJUnit4ClassRunner.runChild(BlockJUnit4ClassRunner.java:63)
	at org.junit.runners.ParentRunner$4.run(ParentRunner.java:331)
	at org.junit.runners.ParentRunner$1.schedule(ParentRunner.java:79)
	at org.junit.runners.ParentRunner.runChildren(ParentRunner.java:329)
	at org.junit.runners.ParentRunner.access$100(ParentRunner.java:66)
	at org.junit.runners.ParentRunner$2.evaluate(ParentRunner.java:293)
	at org.junit.runners.ParentRunner$3.evaluate(ParentRunner.java:306)
	at org.junit.runners.ParentRunner.run(ParentRunner.java:413)
	at org.mockito.internal.runners.DefaultInternalRunner$1.run(DefaultInternalRunner.java:100)
	at org.mockito.internal.runners.DefaultInternalRunner.run(DefaultInternalRunner.java:107)
	at org.mockito.internal.runners.StrictRunner.run(StrictRunner.java:41)
	at org.mockito.junit.MockitoJUnitRunner.run(MockitoJUnitRunner.java:163)
	at org.junit.runner.JUnitCore.run(JUnitCore.java:137)
	at org.junit.runner.JUnitCore.run(JUnitCore.java:115)
	at org.junit.vintage.engine.execution.RunnerExecutor.execute(RunnerExecutor.java:42)
	at org.junit.vintage.engine.VintageTestEngine.executeAllChildren(VintageTestEngine.java:80)
	at org.junit.vintage.engine.VintageTestEngine.execute(VintageTestEngine.java:72)
	at org.junit.platform.launcher.core.EngineExecutionOrchestrator.execute(EngineExecutionOrchestrator.java:198)
	at org.junit.platform.launcher.core.EngineExecutionOrchestrator.execute(EngineExecutionOrchestrator.java:169)
	at org.junit.platform.launcher.core.EngineExecutionOrchestrator.execute(EngineExecutionOrchestrator.java:93)
	at org.junit.platform.launcher.core.EngineExecutionOrchestrator.lambda$execute$0(EngineExecutionOrchestrator.java:58)
	at org.junit.platform.launcher.core.EngineExecutionOrchestrator.withInterceptedStreams(EngineExecutionOrchestrator.java:141)
	at org.junit.platform.launcher.core.EngineExecutionOrchestrator.execute(EngineExecutionOrchestrator.java:57)
	at org.junit.platform.launcher.core.DefaultLauncher.execute(DefaultLauncher.java:103)
	at org.junit.platform.launcher.core.DefaultLauncher.execute(DefaultLauncher.java:85)
	at org.junit.platform.launcher.core.DelegatingLauncher.execute(DelegatingLauncher.java:47)
	at org.apache.maven.surefire.junitplatform.LazyLauncher.execute(LazyLauncher.java:56)
	at org.apache.maven.surefire.junitplatform.JUnitPlatformProvider.execute(JUnitPlatformProvider.java:184)
	at org.apache.maven.surefire.junitplatform.JUnitPlatformProvider.invokeAllTests(JUnitPlatformProvider.java:148)
	at org.apache.maven.surefire.junitplatform.JUnitPlatformProvider.invoke(JUnitPlatformProvider.java:122)
	at org.apache.maven.surefire.booter.ForkedBooter.runSuitesInProcess(ForkedBooter.java:385)
	at org.apache.maven.surefire.booter.ForkedBooter.execute(ForkedBooter.java:162)
	at org.apache.maven.surefire.booter.ForkedBooter.run(ForkedBooter.java:507)
	at org.apache.maven.surefire.booter.ForkedBooter.main(ForkedBooter.java:495)
]]></system-out>
  </testcase>
  <testcase name="testMapUtilsIsEmpty_WithEmptyRequestBody" classname="com.igot.cb.extendedprofile.service.ExtendedServiceImplTest" time="0.001">
    <system-out><![CDATA[22:28:57.896 [main] INFO com.igot.cb.extendedprofile.service.ExtendedServiceImpl -- ExtendedServiceImpl::getDistrictsList started
]]></system-out>
  </testcase>
  <testcase name="getDistrictsList_MissingContextName" classname="com.igot.cb.extendedprofile.service.ExtendedServiceImplTest" time="0.001">
    <system-out><![CDATA[22:28:57.898 [main] INFO com.igot.cb.extendedprofile.service.ExtendedServiceImpl -- ExtendedServiceImpl::getDistrictsList started
]]></system-out>
  </testcase>
</testsuite>